Determining if the pthread_create exist failed with the following output:
Change Dir: /home/e4e/workspace/go-icp-script/build/CMakeFiles/CMakeTmp

Run Build Command:"/usr/bin/make" "cmTC_26914/fast"
/usr/bin/make -f CMakeFiles/cmTC_26914.dir/build.make CMakeFiles/cmTC_26914.dir/build
make[1]: Entering directory '/home/e4e/workspace/go-icp-script/build/CMakeFiles/CMakeTmp'
Building C object CMakeFiles/cmTC_26914.dir/CheckSymbolExists.c.o
/usr/bin/cc     -o CMakeFiles/cmTC_26914.dir/CheckSymbolExists.c.o   -c /home/e4e/workspace/go-icp-script/build/CMakeFiles/CMakeTmp/CheckSymbolExists.c
Linking C executable cmTC_26914
/usr/bin/cmake -E cmake_link_script CMakeFiles/cmTC_26914.dir/link.txt --verbose=1
/usr/bin/cc       CMakeFiles/cmTC_26914.dir/CheckSymbolExists.c.o  -o cmTC_26914 -rdynamic 
CMakeFiles/cmTC_26914.dir/CheckSymbolExists.c.o: In function `main':
CheckSymbolExists.c:(.text+0x16): undefined reference to `pthread_create'
collect2: error: ld returned 1 exit status
CMakeFiles/cmTC_26914.dir/build.make:97: recipe for target 'cmTC_26914' failed
make[1]: *** [cmTC_26914] Error 1
make[1]: Leaving directory '/home/e4e/workspace/go-icp-script/build/CMakeFiles/CMakeTmp'
Makefile:126: recipe for target 'cmTC_26914/fast' failed
make: *** [cmTC_26914/fast] Error 2

File /home/e4e/workspace/go-icp-script/build/CMakeFiles/CMakeTmp/CheckSymbolExists.c:
/* */
#include <pthread.h>

int main(int argc, char** argv)
{
  (void)argv;
#ifndef pthread_create
  return ((int*)(&pthread_create))[argc];
#else
  (void)argc;
  return 0;
#endif
}

Determining if the function pthread_create exists in the pthreads failed with the following output:
Change Dir: /home/e4e/workspace/go-icp-script/build/CMakeFiles/CMakeTmp

Run Build Command:"/usr/bin/make" "cmTC_de8da/fast"
/usr/bin/make -f CMakeFiles/cmTC_de8da.dir/build.make CMakeFiles/cmTC_de8da.dir/build
make[1]: Entering directory '/home/e4e/workspace/go-icp-script/build/CMakeFiles/CMakeTmp'
Building C object CMakeFiles/cmTC_de8da.dir/CheckFunctionExists.c.o
/usr/bin/cc    -DCHECK_FUNCTION_EXISTS=pthread_create   -o CMakeFiles/cmTC_de8da.dir/CheckFunctionExists.c.o   -c /usr/share/cmake-3.5/Modules/CheckFunctionExists.c
Linking C executable cmTC_de8da
/usr/bin/cmake -E cmake_link_script CMakeFiles/cmTC_de8da.dir/link.txt --verbose=1
/usr/bin/cc   -DCHECK_FUNCTION_EXISTS=pthread_create    CMakeFiles/cmTC_de8da.dir/CheckFunctionExists.c.o  -o cmTC_de8da -rdynamic -lpthreads 
/usr/bin/ld: cannot find -lpthreads
collect2: error: ld returned 1 exit status
CMakeFiles/cmTC_de8da.dir/build.make:97: recipe for target 'cmTC_de8da' failed
make[1]: *** [cmTC_de8da] Error 1
make[1]: Leaving directory '/home/e4e/workspace/go-icp-script/build/CMakeFiles/CMakeTmp'
Makefile:126: recipe for target 'cmTC_de8da/fast' failed
make: *** [cmTC_de8da/fast] Error 2


